[debug] [2025-03-08T00:34:10.587Z] ----------------------------------------------------------------------
[debug] [2025-03-08T00:34:10.591Z] Command:       /usr/local/bin/node /usr/local/bin/firebase deploy
[debug] [2025-03-08T00:34:10.592Z] CLI Version:   13.32.0
[debug] [2025-03-08T00:34:10.592Z] Platform:      darwin
[debug] [2025-03-08T00:34:10.592Z] Node Version:  v21.5.0
[debug] [2025-03-08T00:34:10.593Z] Time:          Sat Mar 08 2025 02:34:10 GMT+0200 (Eastern European Standard Time)
[debug] [2025-03-08T00:34:10.593Z] ----------------------------------------------------------------------
[debug] 
[debug] [2025-03-08T00:34:10.873Z] > command requires scopes: ["email","openid","https://www.googleapis.com/auth/cloudplatformprojects.readonly","https://www.googleapis.com/auth/firebase","https://www.googleapis.com/auth/cloud-platform"]
[debug] [2025-03-08T00:34:10.874Z] > authorizing via signed-in user (ae6166269@gmail.com)
[debug] [2025-03-08T00:34:10.874Z] [iam] checking project al-muslmi for permissions ["firebase.projects.get","firebasehosting.sites.update"]
[debug] [2025-03-08T00:34:10.875Z] Checked if tokens are valid: false, expires at: 1741387269085
[debug] [2025-03-08T00:34:10.875Z] Checked if tokens are valid: false, expires at: 1741387269085
[debug] [2025-03-08T00:34:10.876Z] > refreshing access token with scopes: []
[debug] [2025-03-08T00:34:10.878Z] >>> [apiv2][query] POST https://www.googleapis.com/oauth2/v3/token [none]
[debug] [2025-03-08T00:34:10.878Z] >>> [apiv2][body] POST https://www.googleapis.com/oauth2/v3/token [omitted]
[debug] [2025-03-08T00:34:11.919Z] <<< [apiv2][status] POST https://www.googleapis.com/oauth2/v3/token 200
[debug] [2025-03-08T00:34:11.919Z] <<< [apiv2][body] POST https://www.googleapis.com/oauth2/v3/token [omitted]
[debug] [2025-03-08T00:34:11.961Z] >>> [apiv2][query] POST https://cloudresourcemanager.googleapis.com/v1/projects/al-muslmi:testIamPermissions [none]
[debug] [2025-03-08T00:34:11.961Z] >>> [apiv2][(partial)header] POST https://cloudresourcemanager.googleapis.com/v1/projects/al-muslmi:testIamPermissions x-goog-quota-user=projects/al-muslmi
[debug] [2025-03-08T00:34:11.961Z] >>> [apiv2][body] POST https://cloudresourcemanager.googleapis.com/v1/projects/al-muslmi:testIamPermissions {"permissions":["firebase.projects.get","firebasehosting.sites.update"]}
